<?xml version="1.0" encoding="UTF-8"?>
<beans xmlns="http://www.springframework.org/schema/beans"
	xmlns:xsi="http://www.w3.org/2001/XMLSchema-instance"
	xmlns:context="http://www.springframework.org/schema/context"
	xsi:schemaLocation="http://www.springframework.org/schema/beans http://www.springframework.org/schema/beans/spring-beans-3.2.xsd
		http://www.springframework.org/schema/context http://www.springframework.org/schema/context/spring-context-3.2.xsd">
	<context:annotation-config />


	<bean id="OrderManagementServiceImpl" name="OrderManagementServiceImpl"
		class="org.socraticgrid.hl7.services.orders.service.impl.OrderManagementImpl">
	</bean>

	<bean id="OrderManagementService" name="OrderManagementService"
		class="org.socraticgrid.hl7.services.orders.OrderManagementService">
	</bean>
	
	<bean id="ServiceRegistery" name="ServiceRegistery"
		class="org.socraticgrid.hl7.services.orders.functional.ServiceRegistry">
			<property name="serviceMap">
			<map>
				<entry key="test">
					<bean
						class="org.socraticgrid.hl7.services.orders.engines.fulfillment.DoNothingFulfillmentEngine" />
				</entry>
				
				<entry key="org.socraticgrid.hl7.services.orders.model.types.order.LabOrder">
					<bean
						class="org.socraticgrid.hl7.services.orders.engines.fulfillment.DoNothingFulfillmentEngine" />
				</entry>
				<entry key="org.socraticgrid.hl7.services.orders.model.types.order.MedicationOrder">
					<bean
						class="org.socraticgrid.hl7.services.orders.engines.fulfillment.DoNothingFulfillmentEngine" />
				</entry>
				<entry key="org.socraticgrid.hl7.services.orders.model.types.order.NursingOrder">
					<bean
						class="org.socraticgrid.hl7.services.orders.engines.fulfillment.DoNothingFulfillmentEngine" />
				</entry>
				<entry key="org.socraticgrid.hl7.services.orders.model.types.order.NutritionOrder">
					<bean
						class="org.socraticgrid.hl7.services.orders.engines.fulfillment.DoNothingFulfillmentEngine" />
				</entry>
			</map>
		</property>
	</bean>

	<bean class="org.socraticgrid.hl7.services.orders.functional.MessageIdGenerator"
		id="MessageIdGenerator" scope="singleton">
		<property name="generator">
			<bean
				class="org.socraticgrid.hl7.services.orders.internal.idgenerators.TimeBasedIdGenerator" />
		</property>
	</bean>


	<import resource="classpath:beans/OrderValidator.xml" />
	
	<import resource="classpath:beans/OrderDispatcher.xml" />
	
	<bean id="EventLogger" name="EventLogger"
		class="org.socraticgrid.hl7.services.orders.functional.EventLogger">
	</bean>


	
	<bean id="DoNothingFulfillment" name="DoNothingFulfillment"
		class="org.socraticgrid.hl7.services.orders.engines.fulfillment.DoNothingFulfillmentEngine">
	</bean>
	
	<!-- OrderManager -->
	<bean id="MemoryOrderManager" name="MemoryOrderManager"
		class="org.socraticgrid.hl7.services.orders.internal.MemoryOrderManager">
	</bean>
	
	
</beans>
