<?xml version="1.0" encoding="UTF-8"?>
<beans xmlns="http://www.springframework.org/schema/beans"
	xmlns:xsi="http://www.w3.org/2001/XMLSchema-instance"
	xsi:schemaLocation="http://www.springframework.org/schema/beans http://www.springframework.org/schema/beans/spring-beans.xsd">


	<bean id="DispatcherImpl" name="DispatcherImpl"
		class="org.socraticgrid.hl7.services.uc.adapters.alerting.Dispatcher">
	</bean>
	
	<bean id="AddressResolverImpl" name="AddressResolverImpl"
		class="org.socraticgrid.hl7.services.uc.adapters.alerting.AddressResolver">
	</bean>
	<bean id="DonothingAdapter" name="DonothingAdapter"
		class="org.socraticgrid.hl7.services.uc.adapters.alerting.DonothingAdapter">
	</bean>
</beans>
