<?xml version="1.0" encoding="UTF-8"?>
<beans xmlns="http://www.springframework.org/schema/beans"
	xmlns:xsi="http://www.w3.org/2001/XMLSchema-instance"
	xsi:schemaLocation="http://www.springframework.org/schema/beans http://www.springframework.org/schema/beans/spring-beans.xsd">

	<!--  Service Implementation, Included to make sure the core service configurations are correct -->
	<import resource="classpath:beans/ServiceImplementationBeans.xml" />

	<bean id="TestFulfillment" name="TestFulfillment"
		class="org.socraticgrid.hl7.services.orders.clients.orderfulfillment.FulfillmentImpl">
	</bean>
</beans>
